MyPro_PKCao/PKCar/proguard-project.txt
# To enable ProGuard in your project, edit project.properties
# to define the proguard.config property as described in that file.
#
# Add project specific ProGuard rules here.
# By default, the flags in this file are appended to flags specified
# in ${sdk.dir}/tools/proguard/proguard-android.txt
# You can edit the include path and order by changing the ProGuard
# include property in project.properties.
#
# For more details, see
#   http://developer.android.com/guide/developing/tools/proguard.html

# Add any project specific keep options here:

# If your project uses WebView with JS, uncomment the following
# and specify the fully qualified class name to the JavaScript interface
# class:
#-keepclassmembers class fqcn.of.javascript.interface.for.webview {
#   public *;
#}

-libraryjars libs/android-query-full.0.26.8.jar
-dontwarn com.androidquery.**
-keep class com.androidquery.**{*; }

-libraryjars libs/pushservice-4.3.0.4.jar
-dontwarn com.baidu.**
-keep class com.baidu.**{*; }

-keepattributes Signature
-dontwarn com.jcraft.jzlib.**
-keep class com.jcraft.jzlib.**  { *;}

-dontwarn sun.misc.**
-keep class sun.misc.** { *;}

-dontwarn com.alibaba.fastjson.**
-keep class com.alibaba.fastjson.** { *;}

-dontwarn sun.security.**
-keep class sun.security.** { *; }

-dontwarn com.google.**
-keep class com.google.** { *;}

-dontwarn com.avos.**
-keep class com.avos.** { *;}

-keep public class android.net.http.SslError
-keep public class android.webkit.WebViewClient

-dontwarn android.webkit.WebView
-dontwarn android.net.http.SslError
-dontwarn android.webkit.WebViewClient

-dontwarn android.support.**

-dontwarn org.apache.**
-keep class org.apache.** { *;}

-dontwarn org.jivesoftware.smack.**
-keep class org.jivesoftware.smack.** { *;}

-dontwarn com.loopj.**
-keep class com.loopj.** { *;}

-dontwarn com.squareup.okhttp.**
-keep class com.squareup.okhttp.** { *;}
-keep interface com.squareup.okhttp.** { *; }

-dontwarn okio.**

-dontwarn org.xbill.**
-keep class org.xbill.** { *;}

-keepattributes *Annotation*

-keep class com.androidquery.** { *;}