MyPro_PKCao/PKCar/proguard_logs/seeds.txt
com.sundy.pkcao.MainApplication
com.sundy.pkcao.MainApplication: MainApplication()
com.sundy.pkcao.R$anim: int anim_chat_voice_left
com.sundy.pkcao.R$anim: int anim_chat_voice_right
com.sundy.pkcao.R$anim: int grow_from_bottom
com.sundy.pkcao.R$anim: int push_top_in2
com.sundy.pkcao.R$anim: int push_top_out2
com.sundy.pkcao.R$anim: int shrink_from_top
com.sundy.pkcao.R$attr: int barColor
com.sundy.pkcao.R$attr: int barLength
com.sundy.pkcao.R$attr: int barWidth
com.sundy.pkcao.R$attr: int behindOffset
com.sundy.pkcao.R$attr: int behindScrollScale
com.sundy.pkcao.R$attr: int behindWidth
com.sundy.pkcao.R$attr: int border_color
com.sundy.pkcao.R$attr: int border_width
com.sundy.pkcao.R$attr: int circleColor
com.sundy.pkcao.R$attr: int contourColor
com.sundy.pkcao.R$attr: int contourSize
com.sundy.pkcao.R$attr: int delayMillis
com.sundy.pkcao.R$attr: int dividerWidth
com.sundy.pkcao.R$attr: int entries
com.sundy.pkcao.R$attr: int fadeDegree
com.sundy.pkcao.R$attr: int fadeEnabled
com.sundy.pkcao.R$attr: int footerDividersEnabled
com.sundy.pkcao.R$attr: int headerDividersEnabled
com.sundy.pkcao.R$attr: int left
com.sundy.pkcao.R$attr: int measureWithChild
com.sundy.pkcao.R$attr: int mode
com.sundy.pkcao.R$attr: int overScrollFooter
com.sundy.pkcao.R$attr: int overScrollHeader
com.sundy.pkcao.R$attr: int radius
com.sundy.pkcao.R$attr: int rimColor
com.sundy.pkcao.R$attr: int rimWidth
com.sundy.pkcao.R$attr: int roundHeight
com.sundy.pkcao.R$attr: int roundWidth
com.sundy.pkcao.R$attr: int selectorDrawable
com.sundy.pkcao.R$attr: int selectorEnabled
com.sundy.pkcao.R$attr: int sephiroth_absHListViewStyle
com.sundy.pkcao.R$attr: int sephiroth_listPreferredItemWidth
com.sundy.pkcao.R$attr: int sephiroth_listViewStyle
com.sundy.pkcao.R$attr: int shadowDrawable
com.sundy.pkcao.R$attr: int shadowWidth
com.sundy.pkcao.R$bool: int defaultNotifyWhenNews
com.sundy.pkcao.R$bool: int defaultVibrateNotify
com.sundy.pkcao.R$bool: int defaultVoiceNotify
com.sundy.pkcao.R$color: int base_actionbar_bg
com.sundy.pkcao.R$color: int base_bg
com.sundy.pkcao.R$color: int base_color_text_black
com.sundy.pkcao.R$color: int base_color_text_gray
com.sundy.pkcao.R$color: int base_color_text_white
com.sundy.pkcao.R$color: int black
com.sundy.pkcao.R$color: int blue
com.sundy.pkcao.R$color: int chatLeftText
com.sundy.pkcao.R$color: int color_bottom_text_normal
com.sundy.pkcao.R$color: int color_bottom_text_press
com.sundy.pkcao.R$color: int common_blue
com.sundy.pkcao.R$color: int dark_tree_green
com.sundy.pkcao.R$color: int dialog_color_title
com.sundy.pkcao.R$color: int golden
com.sundy.pkcao.R$color: int green
com.sundy.pkcao.R$color: int grey
com.sundy.pkcao.R$color: int guide_color
com.sundy.pkcao.R$color: int indigo
com.sundy.pkcao.R$color: int light_blue
com.sundy.pkcao.R$color: int light_green
com.sundy.pkcao.R$color: int msg_chat_bg
com.sundy.pkcao.R$color: int msg_emote_divider
com.sundy.pkcao.R$color: int orange
com.sundy.pkcao.R$color: int orange1
com.sundy.pkcao.R$color: int orange2
com.sundy.pkcao.R$color: int orange3
com.sundy.pkcao.R$color: int orange4
com.sundy.pkcao.R$color: int purple
com.sundy.pkcao.R$color: int red
com.sundy.pkcao.R$color: int theme_bg_color
com.sundy.pkcao.R$color: int tranparent
com.sundy.pkcao.R$color: int transparent
com.sundy.pkcao.R$color: int transparent2
com.sundy.pkcao.R$color: int transparent4
com.sundy.pkcao.R$color: int transparent5
com.sundy.pkcao.R$color: int tree_green
...
com.avos.avoscloud.ops.RemoveRelationOp
com.avos.avoscloud.ops.RemoveRelationOp: java.util.Set values
com.avos.avoscloud.ops.RemoveRelationOp: RemoveRelationOp(java.lang.String,com.avos.avoscloud.AVObject[])
com.avos.avoscloud.ops.RemoveRelationOp: java.util.Set getValues()
com.avos.avoscloud.ops.RemoveRelationOp: void setValues(java.util.Set)
com.avos.avoscloud.ops.RemoveRelationOp: RemoveRelationOp()
com.avos.avoscloud.ops.RemoveRelationOp: com.avos.avoscloud.AVObject apply(com.avos.avoscloud.AVObject)
com.avos.avoscloud.ops.RemoveRelationOp: java.util.Map encodeOp()
com.avos.avoscloud.ops.RemoveRelationOp: com.avos.avoscloud.ops.AVOp merge(com.avos.avoscloud.ops.AVOp)
com.avos.avoscloud.ops.RemoveRelationOp$1
com.avos.avoscloud.ops.RemoveRelationOp$1: int[] $SwitchMap$com$avos$avoscloud$ops$AVOp$OpType
com.avos.avoscloud.ops.RemoveRelationOp$1: void <clinit>()
com.avos.avoscloud.ops.SetOp
com.avos.avoscloud.ops.SetOp: java.lang.Object value
com.avos.avoscloud.ops.SetOp: SetOp()
com.avos.avoscloud.ops.SetOp: java.lang.Object getValue()
com.avos.avoscloud.ops.SetOp: void setValue(java.lang.Object)
com.avos.avoscloud.ops.SetOp: SetOp(java.lang.String,java.lang.Object)
com.avos.avoscloud.ops.SetOp: com.avos.avoscloud.AVObject apply(com.avos.avoscloud.AVObject)
com.avos.avoscloud.ops.SetOp: java.util.Map encodeOp()
com.avos.avoscloud.ops.SetOp: com.avos.avoscloud.ops.AVOp merge(com.avos.avoscloud.ops.AVOp)
com.avos.avoscloud.ops.SetOp$1
com.avos.avoscloud.ops.SetOp$1: int[] $SwitchMap$com$avos$avoscloud$ops$AVOp$OpType
com.avos.avoscloud.ops.SetOp$1: void <clinit>()
com.avos.avoscloud.signature.AES
com.avos.avoscloud.signature.AES: java.lang.String KEY_GENERATION_ALG
com.avos.avoscloud.signature.AES: int HASH_ITERATIONS
com.avos.avoscloud.signature.AES: int KEY_LENGTH
com.avos.avoscloud.signature.AES: char[] humanPassphrase
com.avos.avoscloud.signature.AES: byte[] salt
com.avos.avoscloud.signature.AES: javax.crypto.spec.PBEKeySpec myKeyspec
com.avos.avoscloud.signature.AES: java.lang.String CIPHERMODEPADDING
com.avos.avoscloud.signature.AES: javax.crypto.SecretKeyFactory keyfactory
com.avos.avoscloud.signature.AES: javax.crypto.SecretKey sk
com.avos.avoscloud.signature.AES: javax.crypto.spec.SecretKeySpec skforAES
com.avos.avoscloud.signature.AES: byte[] iv
com.avos.avoscloud.signature.AES: javax.crypto.spec.IvParameterSpec IV
com.avos.avoscloud.signature.AES: AES()
com.avos.avoscloud.signature.AES: java.lang.String encrypt(byte[])
com.avos.avoscloud.signature.AES: java.lang.String decrypt(java.lang.String)
com.avos.avoscloud.signature.AES: byte[] addPadding(byte[])
com.avos.avoscloud.signature.AES: byte[] dropPadding(byte[])
com.avos.avoscloud.signature.AES: byte[] encrypt(java.lang.String,javax.crypto.SecretKey,javax.crypto.spec.IvParameterSpec,byte[])
com.avos.avoscloud.signature.AES: byte[] decrypt(java.lang.String,javax.crypto.SecretKey,javax.crypto.spec.IvParameterSpec,byte[])
com.avos.avoscloud.signature.Base64Decoder
com.avos.avoscloud.signature.Base64Decoder: char[] chars
com.avos.avoscloud.signature.Base64Decoder: int[] ints
com.avos.avoscloud.signature.Base64Decoder: int charCount
com.avos.avoscloud.signature.Base64Decoder: int carryOver
com.avos.avoscloud.signature.Base64Decoder: Base64Decoder(java.io.InputStream)
com.avos.avoscloud.signature.Base64Decoder: int read()
com.avos.avoscloud.signature.Base64Decoder: int read(byte[],int,int)
com.avos.avoscloud.signature.Base64Decoder: java.lang.String decode(java.lang.String)
com.avos.avoscloud.signature.Base64Decoder: byte[] decodeToBytes(java.lang.String)
com.avos.avoscloud.signature.Base64Decoder: void main(java.lang.String[])
com.avos.avoscloud.signature.Base64Decoder: void <clinit>()