MyPro_PKCao/PKCar/proguard_logs/mapping.txt
com.sundy.pkcao.MainApplication -> com.sundy.pkcao.MainApplication:
    java.lang.String TAG -> a
    void onCreate() -> onCreate
    void onLowMemory() -> onLowMemory
com.sundy.pkcao.R -> com.sundy.pkcao.a:
com.sundy.pkcao.R$styleable -> com.sundy.pkcao.b:
    int[] AbsHListView -> AbsHListView
    int AbsHListView_android_cacheColorHint -> AbsHListView_android_cacheColorHint
    int AbsHListView_android_choiceMode -> AbsHListView_android_choiceMode
    int AbsHListView_android_drawSelectorOnTop -> AbsHListView_android_drawSelectorOnTop
    int AbsHListView_android_listSelector -> AbsHListView_android_listSelector
    int AbsHListView_android_scrollingCache -> AbsHListView_android_scrollingCache
    int AbsHListView_android_smoothScrollbar -> AbsHListView_android_smoothScrollbar
    int AbsHListView_stackFromRight -> AbsHListView_stackFromRight
    int AbsHListView_transcriptMode -> AbsHListView_transcriptMode
    int[] CircleImageView -> CircleImageView
    int CircleImageView_border_color -> CircleImageView_border_color
    int CircleImageView_border_width -> CircleImageView_border_width
    int[] HListView -> HListView
    int HListView_android_divider -> HListView_android_divider
    int HListView_android_entries -> HListView_android_entries
    int HListView_dividerWidth -> HListView_dividerWidth
    int HListView_footerDividersEnabled -> HListView_footerDividersEnabled
    int HListView_headerDividersEnabled -> HListView_headerDividersEnabled
    int HListView_measureWithChild -> HListView_measureWithChild
    int HListView_overScrollFooter -> HListView_overScrollFooter
    int HListView_overScrollHeader -> HListView_overScrollHeader
    int[] PlayBtn -> PlayBtn
com.sundy.pkcao.activitys.ChatActivity -> com.sundy.pkcao.activitys.ChatActivity:
    java.lang.String TAG -> b
    com.sundy.pkcao.tools.xlistview.XListView listview -> c
    java.lang.String avimConversationID -> d
    com.avos.avoscloud.im.v2.AVIMConversation conv -> e
    com.sundy.pkcao.tools.EmotionEditText textEdit -> f
    android.widget.Button sendBtn -> g
    android.view.View chatAddLayout -> h
    android.view.View chatEmotionLayout -> i
    android.view.View$OnClickListener onClick -> j
    void onCreate(android.os.Bundle) -> onCreate
    void init() -> d
    void sendMsg() -> e
    void hideBottomLayoutAndScrollToLast() -> f
    void hideBottomLayout() -> g
    void scrollToLast() -> a
    void hideAddLayout() -> h
    void onStart() -> onStart
    void onResume() -> onResume
    void onPause() -> onPause
    void onStop() -> onStop
    void onDestroy() -> onDestroy
    void onRefresh() -> b
    void onLoadMore() -> c
    void access$000(com.sundy.pkcao.activitys.ChatActivity) -> a
    void access$100(com.sundy.pkcao.activitys.ChatActivity) -> b
    com.sundy.pkcao.tools.xlistview.XListView access$200(com.sundy.pkcao.activitys.ChatActivity) -> c
com.sundy.pkcao.activitys.ChatActivity$1 -> com.sundy.pkcao.activitys.a:
    com.sundy.pkcao.activitys.ChatActivity this$0 -> a
    void done(com.avos.avoscloud.AVException) -> done
com.sundy.pkcao.activitys.ChatActivity$2 -> com.sundy.pkcao.activitys.b:
    com.sundy.pkcao.activitys.ChatActivity this$0 -> a
    void onClick(android.view.View) -> onClick
com.sundy.pkcao.activitys.ChatActivity$3 -> com.sundy.pkcao.activitys.c:
    com.sundy.pkcao.activitys.ChatActivity this$0 -> a
    void run() -> run
com.sundy.pkcao.activitys.ChatActivity$CustomMessageHandler -> com.sundy.pkcao.activitys.d:
    com.sundy.pkcao.activitys.ChatActivity this$0 -> a
    void onMessage(com.avos.avoscloud.im.v2.AVIMMessage,com.avos.avoscloud.im.v2.AVIMConversation,com.avos.avoscloud.im.v2.AVIMClient) -> onMessage
...
com.avos.avoscloud.AVFile$AVDownloader -> com.avos.avoscloud.AVFile$AVDownloader:
    com.loopj.android.http.AsyncHttpClient client -> client
    com.avos.avoscloud.GetDataCallback dataCallback -> dataCallback
    com.avos.avoscloud.ProgressCallback progressCallback -> progressCallback
    com.avos.avoscloud.AVFile parseFile -> parseFile
    java.lang.String etag -> etag
    java.util.concurrent.atomic.AtomicInteger retries -> retries
    com.avos.avoscloud.AVException doWork(java.lang.String) -> doWork
    com.avos.avoscloud.AVException doInBackground(java.lang.String[]) -> doInBackground
    void onProgressUpdate(java.lang.Integer[]) -> onProgressUpdate
    void onPostExecute(com.avos.avoscloud.AVException) -> onPostExecute
    void onPreExecute() -> onPreExecute
    void onCancelled() -> onCancelled
    void onProgressUpdate(java.lang.Object[]) -> onProgressUpdate
    void onPostExecute(java.lang.Object) -> onPostExecute
    java.lang.Object doInBackground(java.lang.Object[]) -> doInBackground
    com.avos.avoscloud.AVFile access$200(com.avos.avoscloud.AVFile$AVDownloader) -> access$200
    java.util.concurrent.atomic.AtomicInteger access$600(com.avos.avoscloud.AVFile$AVDownloader) -> access$600
    void access$900(com.avos.avoscloud.AVFile$AVDownloader,java.lang.Object[]) -> access$900
com.avos.avoscloud.AVFile$AVDownloader$1 -> com.avos.avoscloud.AVFile$AVDownloader$1:
    com.avos.avoscloud.AVException[] val$errors -> val$errors
    java.lang.String val$urlStr -> val$urlStr
    java.lang.String val$etag -> val$etag
    com.avos.avoscloud.AVFile$AVDownloader this$0 -> this$0
    void onSuccess(int,org.apache.http.Header[],byte[]) -> onSuccess
    void onFailure(int,org.apache.http.Header[],byte[],java.lang.Throwable) -> onFailure
    void onProgress(int,int) -> onProgress
com.avos.avoscloud.AVFollowResponse -> com.avos.avoscloud.AVFollowResponse:
    java.util.Map[] results -> results
    java.util.Map[] followers -> followers
    java.util.Map[] followees -> followees
com.avos.avoscloud.AVFriendshipQuery -> com.avos.avoscloud.AVFriendshipQuery:
    java.lang.String friendshipTag -> friendshipTag
    void setFriendshipTag(java.lang.String) -> setFriendshipTag
    java.lang.String getFriendshipTag() -> getFriendshipTag
    void processResultList(java.util.Map[],java.util.List,java.lang.String) -> processResultList
    java.util.List processResultByTag(java.lang.String,java.lang.String) -> processResultByTag
    java.util.List processResults(java.lang.String) -> processResults
com.avos.avoscloud.AVGeoPoint -> com.avos.avoscloud.AVGeoPoint:
    double EARTH_MEAN_RADIUS_KM -> EARTH_MEAN_RADIUS_KM
    double ONE_KM_TO_MILES -> ONE_KM_TO_MILES
    double latitude -> latitude
    double longitude -> longitude
    double distanceInKilometersTo(com.avos.avoscloud.AVGeoPoint) -> distanceInKilometersTo
    double distanceInMilesTo(com.avos.avoscloud.AVGeoPoint) -> distanceInMilesTo
    double distanceInRadiansTo(com.avos.avoscloud.AVGeoPoint) -> distanceInRadiansTo
    double getLatitude() -> getLatitude
    void setLatitude(double) -> setLatitude
    double getLongitude() -> getLongitude
    void setLongitude(double) -> setLongitude