MyPro_PKCao/PKCar/proguard_logs/usage.txt
com.sundy.pkcao.BuildConfig
com.sundy.pkcao.R:
    10:1436:public R()
com.sundy.pkcao.R$anim
com.sundy.pkcao.R$attr
com.sundy.pkcao.R$bool
com.sundy.pkcao.R$color
com.sundy.pkcao.R$dimen
com.sundy.pkcao.R$drawable
com.sundy.pkcao.R$id
com.sundy.pkcao.R$layout
com.sundy.pkcao.R$menu
com.sundy.pkcao.R$string
com.sundy.pkcao.R$style
com.sundy.pkcao.R$styleable:
    1436:1436:public R$styleable()
com.sundy.pkcao.R$xml
com.sundy.pkcao.activitys.ChatActivity:
    private android.view.View chatTextLayout
    private android.view.View chatAudioLayout
com.sundy.pkcao.activitys.MainActivity:
    private android.app.ProgressDialog loadingDailog
    102:106:public void onLoading()
    110:117:public void finishLoading()
    205:218:public void reloadActivity()
    222:223:public void switchContent(int)
    29:29:static synthetic android.app.ProgressDialog access$000(com.sundy.pkcao.activitys.MainActivity)
com.sundy.pkcao.activitys.MainActivity$1
com.sundy.pkcao.activitys.ScaleImageActivity:
    private android.view.View v
com.sundy.pkcao.adapters.ImageViewPagerAdapter:
    private java.util.List arr
    36:38:public void setData(java.util.List,java.util.List)
com.sundy.pkcao.baidupush.Utils:
    public static final java.lang.String TAG
    public static final java.lang.String RESPONSE_METHOD
    public static final java.lang.String RESPONSE_CONTENT
    public static final java.lang.String RESPONSE_ERRCODE
    public static final java.lang.String ACTION_LOGIN
    public static final java.lang.String ACTION_MESSAGE
    public static final java.lang.String ACTION_RESPONSE
    public static final java.lang.String ACTION_SHOW_MESSAGE
    public static final java.lang.String EXTRA_ACCESS_TOKEN
    public static final java.lang.String EXTRA_MESSAGE
    15:15:public Utils()
    54:60:public static boolean hasBind(android.content.Context)
    76:91:public static java.util.List getTagsList(java.lang.String)
    95:97:public static java.lang.String getLogText(android.content.Context)
    101:106:public static void setLogText(android.content.Context,java.lang.String)
com.sundy.pkcao.fragments.EditUserFragment:
    private android.support.v4.app.Fragment fragment
    55:57:public EditUserFragment(android.support.v4.app.Fragment)
com.sundy.pkcao.fragments.LoginFragment:
    private android.support.v4.app.Fragment fragment
    33:35:public LoginFragment(android.support.v4.app.Fragment)
com.sundy.pkcao.fragments.MenuFragment$OnListListener:
    public abstract void onLoading()
    public abstract void finishLoading()
com.sundy.pkcao.fragments.RecordFragment:
    private android.widget.ListView lv_ilike
    private com.sundy.pkcao.adapters.CaoListAdapter adapter
com.sundy.pkcao.fragments.RegisterFragment:
    private android.support.v4.app.Fragment fragment
    56:58:public RegisterFragment(android.support.v4.app.Fragment)
com.sundy.pkcao.fragments._AbstractFragment$OnListListener:
    public abstract void onLoading()
    public abstract void finishLoading()
    public abstract void reloadActivity()
    public abstract void switchContent(int)
...
android.support.v4.accessibilityservice.AccessibilityServiceInfoCompat
android.support.v4.accessibilityservice.AccessibilityServiceInfoCompat$AccessibilityServiceInfoIcsImpl
android.support.v4.accessibilityservice.AccessibilityServiceInfoCompat$AccessibilityServiceInfoStubImpl
android.support.v4.accessibilityservice.AccessibilityServiceInfoCompat$AccessibilityServiceInfoVersionImpl
android.support.v4.accessibilityservice.AccessibilityServiceInfoCompatIcs
android.support.v4.app.ActivityCompat
android.support.v4.app.ActivityCompatHoneycomb:
    27:27:ActivityCompatHoneycomb()
    34:35:static void dump(android.app.Activity,java.lang.String,java.io.FileDescriptor,java.io.PrintWriter,java.lang.String[])
android.support.v4.app.BackStackRecord:
    static final java.lang.String TAG
    static final int OP_NULL
    static final int OP_ADD
    static final int OP_REPLACE
    static final int OP_REMOVE
    static final int OP_HIDE
    static final int OP_SHOW
    static final int OP_DETACH
    static final int OP_ATTACH
    338:338:public int getId()
    342:342:public int getBreadCrumbTitleRes()
    346:346:public int getBreadCrumbShortTitleRes()
    350:353:public java.lang.CharSequence getBreadCrumbTitle()
    357:360:public java.lang.CharSequence getBreadCrumbShortTitle()
    379:380:public android.support.v4.app.FragmentTransaction add(android.support.v4.app.Fragment,java.lang.String)
    389:390:public android.support.v4.app.FragmentTransaction add(int,android.support.v4.app.Fragment,java.lang.String)
    434:439:public android.support.v4.app.FragmentTransaction remove(android.support.v4.app.Fragment)
    443:448:public android.support.v4.app.FragmentTransaction hide(android.support.v4.app.Fragment)
    461:466:public android.support.v4.app.FragmentTransaction detach(android.support.v4.app.Fragment)
    470:475:public android.support.v4.app.FragmentTransaction attach(android.support.v4.app.Fragment)
    479:479:public android.support.v4.app.FragmentTransaction setCustomAnimations(int,int)
    484:488:public android.support.v4.app.FragmentTransaction setCustomAnimations(int,int,int,int)
    492:493:public android.support.v4.app.FragmentTransaction setTransition(int)
android.support.v4.app.DialogFragment
android.support.v4.app.Fragment:
    static final int INITIALIZING
    static final int CREATED
    static final int ACTIVITY_CREATED
    static final int STOPPED
    static final int STARTED
    static final int RESUMED
    481:481:public final int getId()
    488:488:public final java.lang.String getTag()
    499:503:public void setArguments(android.os.Bundle)
    510:510:public final android.os.Bundle getArguments()
    522:527:public void setInitialSavedState(android.support.v4.app.Fragment$SavedState)
    541:543:public void setTargetFragment(android.support.v4.app.Fragment,int)
    549:549:public final android.support.v4.app.Fragment getTargetFragment()
    556:556:public final int getTargetRequestCode()
    583:583:public final java.lang.CharSequence getText(int)
    606:606:public final varargs java.lang.String getString(int,java.lang.Object[])
    620:620:public final android.support.v4.app.FragmentManager getFragmentManager()
    628:640:public final android.support.v4.app.FragmentManager getChildFragmentManager()
    648:648:public final android.support.v4.app.Fragment getParentFragment()
    664:664:public final boolean isDetached()
    673:673:public final boolean isRemoving()
    684:684:public final boolean isInLayout()
    692:692:public final boolean isResumed()
    701:701:public final boolean isVisible()
    713:713:public final boolean isHidden()
    741:746:public void setRetainInstance(boolean)
    749:749:public final boolean getRetainInstance()
android.support.v4.app.Fragment$SavedState
android.support.v4.app.Fragment$SavedState$1